[0.053s] Invoking command in '/home/aniketh05/ros2_ws/build/my_gesture_arm': /usr/bin/cmake --build /home/aniketh05/ros2_ws/build/my_gesture_arm -- -j12 -l12
[0.361s] -- Found ament_cmake: 1.3.11 (/opt/ros/humble/share/ament_cmake/cmake)
[0.727s] Error parsing '/home/aniketh05/ros2_ws/src/my_gesture_arm/package.xml':
[0.821s] Traceback (most recent call last):
[0.821s]   File "/opt/ros/humble/share/ament_cmake_core/cmake/core/package_xml_2_cmake.py", line 150, in <module>
[0.821s]     main()
[0.821s]   File "/opt/ros/humble/share/ament_cmake_core/cmake/core/package_xml_2_cmake.py", line 53, in main
[0.821s]     raise e
[0.821s]   File "/opt/ros/humble/share/ament_cmake_core/cmake/core/package_xml_2_cmake.py", line 49, in main
[0.821s]     package = parse_package_string(
[0.821s]   File "/usr/lib/python3/dist-packages/catkin_pkg/package.py", line 788, in parse_package_string
[0.822s]     pkg.validate(warnings=warnings)
[0.822s]   File "/usr/lib/python3/dist-packages/catkin_pkg/package.py", line 330, in validate
[0.822s]     raise InvalidPackage('\n'.join(errors), self.filename)
[0.822s] catkin_pkg.package.InvalidPackage: Error(s) in package '/home/aniketh05/ros2_ws/src/my_gesture_arm/package.xml':
[0.822s] Invalid email "" for person ""
[0.822s] Maintainers must have an email address
[0.822s] Invalid email "" for person ""
[0.822s] The package "my_gesture_arm" must not "exec_depend" on a package with the same name as this package
[0.843s] [31mCMake Error at /opt/ros/humble/share/ament_cmake_core/cmake/core/ament_package_xml.cmake:95 (message):
[0.843s]   execute_process(/usr/bin/python3
[0.843s]   /opt/ros/humble/share/ament_cmake_core/cmake/core/package_xml_2_cmake.py
[0.843s]   /home/aniketh05/ros2_ws/src/my_gesture_arm/package.xml
[0.844s]   /home/aniketh05/ros2_ws/build/my_gesture_arm/ament_cmake_core/package.cmake)
[0.844s]   returned error code 1
[0.844s] Call Stack (most recent call first):
[0.844s]   /opt/ros/humble/share/ament_cmake_core/cmake/core/ament_package_xml.cmake:49 (_ament_package_xml)
[0.844s]   /opt/ros/humble/share/ament_cmake_core/cmake/core/ament_package.cmake:63 (ament_package_xml)
[0.844s]   CMakeLists.txt:6 (ament_package)
[0.844s] 
[0.844s] [0m
[0.844s] -- Configuring incomplete, errors occurred!
[0.845s] See also "/home/aniketh05/ros2_ws/build/my_gesture_arm/CMakeFiles/CMakeOutput.log".
[0.848s] gmake: *** [Makefile:226: cmake_check_build_system] Error 1
[0.852s] Invoked command in '/home/aniketh05/ros2_ws/build/my_gesture_arm' returned '2': /usr/bin/cmake --build /home/aniketh05/ros2_ws/build/my_gesture_arm -- -j12 -l12
